bin/
bin/awk.exe
bin/gawk-3.1.7.exe
bin/gawk.exe
bin/igawk
bin/pgawk-3.1.7.exe
bin/pgawk.exe
share/locale/
share/locale/ca/
share/locale/ca/LC_MESSAGES/
share/locale/ca/LC_MESSAGES/gawk.mo
share/locale/da/
share/locale/da/LC_MESSAGES/
share/locale/da/LC_MESSAGES/gawk.mo
share/locale/de/
share/locale/de/LC_MESSAGES/
share/locale/de/LC_MESSAGES/gawk.mo
share/locale/es/
share/locale/es/LC_MESSAGES/
share/locale/es/LC_MESSAGES/gawk.mo
share/locale/fr/
share/locale/fr/LC_MESSAGES/
share/locale/fr/LC_MESSAGES/gawk.mo
share/locale/ga/
share/locale/ga/LC_MESSAGES/
share/locale/ga/LC_MESSAGES/gawk.mo
share/locale/he/
share/locale/he/LC_MESSAGES/
share/locale/he/LC_MESSAGES/gawk.mo
share/locale/id/
share/locale/id/LC_MESSAGES/
share/locale/id/LC_MESSAGES/gawk.mo
share/locale/it/
share/locale/it/LC_MESSAGES/
share/locale/it/LC_MESSAGES/gawk.mo
share/locale/ja/
share/locale/ja/LC_MESSAGES/
share/locale/ja/LC_MESSAGES/gawk.mo
share/locale/nl/
share/locale/nl/LC_MESSAGES/
share/locale/nl/LC_MESSAGES/gawk.mo
share/locale/pl/
share/locale/pl/LC_MESSAGES/
share/locale/pl/LC_MESSAGES/gawk.mo
share/locale/pt_BR/
share/locale/pt_BR/LC_MESSAGES/
share/locale/pt_BR/LC_MESSAGES/gawk.mo
share/locale/ro/
share/locale/ro/LC_MESSAGES/
share/locale/ro/LC_MESSAGES/gawk.mo
share/locale/rw/
share/locale/rw/LC_MESSAGES/
share/locale/rw/LC_MESSAGES/gawk.mo
share/locale/sv/
share/locale/sv/LC_MESSAGES/
share/locale/sv/LC_MESSAGES/gawk.mo
share/locale/tr/
share/locale/tr/LC_MESSAGES/
share/locale/tr/LC_MESSAGES/gawk.mo
share/locale/vi/
share/locale/vi/LC_MESSAGES/
share/locale/vi/LC_MESSAGES/gawk.mo
share/locale/zh_CN/
share/locale/zh_CN/LC_MESSAGES/
share/locale/zh_CN/LC_MESSAGES/gawk.mo
share/awk/
share/awk/assert.awk
share/awk/bits2str.awk
share/awk/cliff_rand.awk
share/awk/ctime.awk
share/awk/ftrans.awk
share/awk/getopt.awk
share/awk/gettime.awk
share/awk/group.awk
share/awk/join.awk
share/awk/libintl.awk
share/awk/nextfile.awk
share/awk/noassign.awk
share/awk/ord.awk
share/awk/passwd.awk
share/awk/readable.awk
share/awk/rewind.awk
share/awk/round.awk
share/awk/strtonum.awk
share/awk/zerofile.awk
sbin/
sbin/awk/
sbin/awk/grcat.exe
sbin/awk/pwcat.exe
